<?xml version="1.0" encoding="utf-8"?><testsuites name="pytest tests"><testsuite name="pytest" errors="0" failures="0" skipped="0" tests="10" time="8.067" timestamp="2026-02-22T09:34:03.749392+00:00" hostname="agent-env-5199944d-1dd2-4d42-bc57-d64697a58a54"><testcase classname="backend.tests.test_fabricontrol_api.TestBackendHealth" name="test_api_root" time="0.176" /><testcase classname="backend.tests.test_fabricontrol_api.TestBackendHealth" name="test_chat_health" time="0.115" /><testcase classname="backend.tests.test_fabricontrol_api.TestLicenseRequestEndpoint" name="test_license_request_success" time="0.110" /><testcase classname="backend.tests.test_fabricontrol_api.TestLicenseRequestEndpoint" name="test_license_request_minimal_data" time="0.108" /><testcase classname="backend.tests.test_fabricontrol_api.TestLicenseRequestEndpoint" name="test_license_request_invalid_email" time="0.102" /><testcase classname="backend.tests.test_fabricontrol_api.TestEnterpriseQuoteEndpoint" name="test_enterprise_quote_success" time="0.108" /><testcase classname="backend.tests.test_fabricontrol_api.TestEnterpriseQuoteEndpoint" name="test_enterprise_quote_minimal_data" time="0.118" /><testcase classname="backend.tests.test_fabricontrol_api.TestChatAI" name="test_chat_cloud_response" time="1.972" /><testcase classname="backend.tests.test_fabricontrol_api.TestChatAI" name="test_chat_pricing_response" time="3.593" /><testcase classname="backend.tests.test_fabricontrol_api.TestChatAI" name="test_chat_spanish_response" time="1.608" /></testsuite></testsuites>